telephone/build/outputs/logs/manifest-merger-oppo-release-report.txt
-- Merging decision tree log ---
manifest
ADDED from src\main\AndroidManifest.xml:2:1-273:13
	package
		ADDED from src\main\AndroidManifest.xml:3:5-34
		INJECTED from src\main\AndroidManifest.xml
		INJECTED from src\main\AndroidManifest.xml
	android:versionName
		ADDED from src\main\AndroidManifest.xml:5:5-32
		INJECTED from src\main\AndroidManifest.xml
		INJECTED from src\main\AndroidManifest.xml
	android:versionCode
		ADDED from src\main\AndroidManifest.xml:4:5-32
		INJECTED from src\main\AndroidManifest.xml
		INJECTED from src\main\AndroidManifest.xml
	xmlns:android
		ADDED from src\main\AndroidManifest.xml:2:11-69
uses-sdk
ADDED from src\main\AndroidManifest.xml:7:5-9:41
MERGED from [v_telephone:umeng:unspecified] AndroidManifest.xml:7:5-9:41
MERGED from [v_telephone:xmpp_lib_new:unspecified] AndroidManifest.xml:7:5-9:41
MERGED from [v_telephone:androidTpl:unspecified] AndroidManifest.xml:7:5-9:41
MERGED from [v_telephone:anSmack:unspecified] AndroidManifest.xml:7:5-9:41
MERGED from [v_telephone:xUtils:unspecified] AndroidManifest.xml:7:5-9:41
MERGED from [v_telephone:sMSSDK2001:unspecified] AndroidManifest.xml:7:5-9:41
MERGED from [com.android.support:support-v4:21.0.3] AndroidManifest.xml:15:5-42
	android:targetSdkVersion
		ADDED from src\main\AndroidManifest.xml:9:9-38
		INJECTED from src\main\AndroidManifest.xml
		INJECTED from src\main\AndroidManifest.xml
	android:minSdkVersion
		ADDED from src\main\AndroidManifest.xml:8:9-35
		INJECTED from src\main\AndroidManifest.xml
		INJECTED from src\main\AndroidManifest.xml
application
ADDED from src\main\AndroidManifest.xml:11:5-241:20
MERGED from [v_telephone:xmpp_lib_new:unspecified] AndroidManifest.xml:11:5-12:19
MERGED from [v_telephone:androidTpl:unspecified] AndroidManifest.xml:11:5-12:19
MERGED from [v_telephone:anSmack:unspecified] AndroidManifest.xml:11:5-12:19
MERGED from [v_telephone:xUtils:unspecified] AndroidManifest.xml:11:5-20
MERGED from [v_telephone:sMSSDK2001:unspecified] AndroidManifest.xml:11:5-12:19
MERGED from [com.android.support:support-v4:21.0.3] AndroidManifest.xml:16:5-19
	android:label
		ADDED from src\main\AndroidManifest.xml:15:9-41
	android:allowBackup
		ADDED from src\main\AndroidManifest.xml:13:9-35
	android:icon
		ADDED from src\main\AndroidManifest.xml:14:9-45
	android:persistent
		ADDED from src\main\AndroidManifest.xml:16:9-34
	android:theme
		ADDED from src\main\AndroidManifest.xml:17:9-62
	android:name
		ADDED from src\main\AndroidManifest.xml:12:9-28
meta-data#com.baidu.lbsapi.API_KEY
ADDED from src\main\AndroidManifest.xml:20:9-22:56
	android:value
		ADDED from src\main\AndroidManifest.xml:22:13-53
	android:name
		ADDED from src\main\AndroidManifest.xml:21:13-52
service#com.baidu.location.f
ADDED from src\main\AndroidManifest.xml:26:9-30:19
	android:enabled
		ADDED from src\main\AndroidManifest.xml:28:13-35
	android:process
		ADDED from src\main\AndroidManifest.xml:29:13-38
	android:name
		ADDED from src\main\AndroidManifest.xml:27:13-48
meta-data#UMENG_APPKEY
ADDED from src\main\AndroidManifest.xml:32:9-35:21
	android:value
		ADDED from src\main\AndroidManifest.xml:34:13-53
	android:name
		ADDED from src\main\AndroidManifest.xml:33:13-40
meta-data#UMENG_CHANNEL
ADDED from src\main\AndroidManifest.xml:36:9-38:47
	android:value
		ADDED from src\main\AndroidManifest.xml:38:13-44
		INJECTED from src\main\AndroidManifest.xml
	android:name
		ADDED from src\main\AndroidManifest.xml:37:13-41
activity#com.umeng.fb.ConversationActivity
ADDED from src\main\AndroidManifest.xml:42:5-44:59
	android:theme
		ADDED from src\main\AndroidManifest.xml:44:9-56
	android:name
		ADDED from src\main\AndroidManifest.xml:43:9-57
activity#com.umeng.fb.ContactActivity
ADDED from src\main\AndroidManifest.xml:45:5-47:59
	android:theme
		ADDED from src\main\AndroidManifest.xml:47:9-56
	android:name
		ADDED from src\main\AndroidManifest.xml:46:9-52
activity#com.alipay.sdk.app.H5PayActivity
ADDED from src\main\AndroidManifest.xml:49:9-55:20
	android:screenOrientation
		ADDED from src\main\AndroidManifest.xml:53:13-47
	android:exported
		ADDED from src\main\AndroidManifest.xml:52:13-37
	android:windowSoftInputMode
		ADDED from src\main\AndroidManifest.xml:54:13-67
	android:configChanges
		ADDED from src\main\AndroidManifest.xml:51:13-74
	android:name
		ADDED from src\main\AndroidManifest.xml:50:13-60
activity#cn.smssdk.SMSSDKUIShell
ADDED from src\main\AndroidManifest.xml:57:9-61:70
	android:windowSoftInputMode
		ADDED from src\main\AndroidManifest.xml:61:13-67
	android:configChanges
		ADDED from src\main\AndroidManifest.xml:59:13-74
	android:theme
		ADDED from src\main\AndroidManifest.xml:60:13-72
	android:name
		ADDED from src\main\AndroidManifest.xml:58:13-51
activity#com.vidmt.telephone.wxapi.WXPayEntryActivity
ADDED from src\main\AndroidManifest.xml:80:9-84:52
	android:screenOrientation
		ADDED from src\main\AndroidManifest.xml:84:13-49
	android:launchMode
		ADDED from src\main\AndroidManifest.xml:83:13-44
	android:exported
		ADDED from src\main\AndroidManifest.xml:82:13-36
	android:name
		ADDED from src\main\AndroidManifest.xml:81:13-53
activity#com.vidmt.telephone.activities.SplashActivity
ADDED from src\main\AndroidManifest.xml:86:9-102:20
	android:screenOrientation
		ADDED from src\main\AndroidManifest.xml:88:13-49
	android:name
		ADDED from src\main\AndroidManifest.xml:87:13-54
intent-filter#android.intent.action.MAIN+android.intent.category.LAUNCHER
ADDED from src\main\AndroidManifest.xml:89:13-92:29
action#android.intent.action.MAIN
ADDED from src\main\AndroidManifest.xml:90:17-69
	android:name
		ADDED from src\main\AndroidManifest.xml:90:25-66
category#android.intent.category.LAUNCHER
ADDED from src\main\AndroidManifest.xml:91:17-77
	android:name
		ADDED from src\main\AndroidManifest.xml:91:27-74
intent-filter#android.intent.action.VIEW+android.intent.category.BROWSABLE+android.intent.category.DEFAULT
ADDED from src\main\AndroidManifest.xml:93:13-101:29
action#android.intent.action.VIEW
ADDED from src\main\AndroidManifest.xml:94:17-69
	android:name
		ADDED from src\main\AndroidManifest.xml:94:25-66
category#android.intent.category.DEFAULT
ADDED from src\main\AndroidManifest.xml:95:17-76
	android:name
		ADDED from src\main\AndroidManifest.xml:95:27-73
category#android.intent.category.BROWSABLE
ADDED from src\main\AndroidManifest.xml:96:17-78
	android:name
		ADDED from src\main\AndroidManifest.xml:96:27-75
data
ADDED from src\main\AndroidManifest.xml:98:17-100:46
	android:host
		ADDED from src\main\AndroidManifest.xml:99:21-55
	android:scheme
		ADDED from src\main\AndroidManifest.xml:100:21-43
activity#com.vidmt.telephone.activities.MainActivity
ADDED from src\main\AndroidManifest.xml:103:9-107:20
	android:screenOrientation
		ADDED from src\main\AndroidManifest.xml:106:13-49
	android:launchMode
		ADDED from src\main\AndroidManifest.xml:105:13-44
	android:name
		ADDED from src\main\AndroidManifest.xml:104:13-52
activity#com.vidmt.telephone.activities.LoginActivity
ADDED from src\main\AndroidManifest.xml:108:9-112:20
	android:screenOrientation
		ADDED from src\main\AndroidManifest.xml:111:13-49
	android:launchMode
		ADDED from src\main\AndroidManifest.xml:110:13-44
	android:name
		ADDED from src\main\AndroidManifest.xml:109:13-53
activity#com.vidmt.telephone.activities.RegisterActivity
ADDED from src\main\AndroidManifest.xml:113:9-117:20
	android:screenOrientation
		ADDED from src\main\AndroidManifest.xml:116:13-49
	android:launchMode
		ADDED from src\main\AndroidManifest.xml:115:13-44
	android:name
		ADDED from src\main\AndroidManifest.xml:114:13-56
activity#com.vidmt.telephone.activities.ChattingActivity
ADDED from src\main\AndroidManifest.xml:118:9-123:20
	android:screenOrientation
		ADDED from src\main\AndroidManifest.xml:121:13-49
	android:launchMode
		ADDED from src\main\AndroidManifest.xml:120:13-44
	android:windowSoftInputMode
		ADDED from src\main\AndroidManifest.xml:122:13-60
	android:name
		ADDED from src\main\AndroidManifest.xml:119:13-56
activity#com.vidmt.telephone.activities.PersonInfoActivity
ADDED from src\main\AndroidManifest.xml:124:9-128:20
	android:screenOrientation
		ADDED from src\main\AndroidManifest.xml:127:13-49
	android:launchMode
		ADDED from src\main\AndroidManifest.xml:126:13-44
	android:name
		ADDED from src\main\AndroidManifest.xml:125:13-58
activity#com.vidmt.telephone.activities.AccountSetActivity
ADDED from src\main\AndroidManifest.xml:129:9-133:20
	android:screenOrientation
		ADDED from src\main\AndroidManifest.xml:132:13-49
	android:launchMode
		ADDED from src\main\AndroidManifest.xml:131:13-44
	android:name
		ADDED from src\main\AndroidManifest.xml:130:13-58
activity#com.vidmt.telephone.activities.UpdateActivity
ADDED from src\main\AndroidManifest.xml:134:9-138:20
	android:screenOrientation
		ADDED from src\main\AndroidManifest.xml:137:13-49
	android:launchMode
		ADDED from src\main\AndroidManifest.xml:136:13-44
	android:name
		ADDED from src\main\AndroidManifest.xml:135:13-54
activity#com.vidmt.telephone.activities.DisclaimerActivity
ADDED from src\main\AndroidManifest.xml:139:9-143:20
	android:screenOrientation
		ADDED from src\main\AndroidManifest.xml:142:13-49
	android:launchMode
		ADDED from src\main\AndroidManifest.xml:141:13-44
	android:name
		ADDED from src\main\AndroidManifest.xml:140:13-58
activity#com.vidmt.telephone.activities.FindPwdActivity
ADDED from src\main\AndroidManifest.xml:144:9-148:20
	android:screenOrientation
		ADDED from src\main\AndroidManifest.xml:147:13-49
	android:launchMode
		ADDED from src\main\AndroidManifest.xml:146:13-44
	android:name
		ADDED from src\main\AndroidManifest.xml:145:13-55
activity#com.vidmt.telephone.activities.SmsVerifyActivity
ADDED from src\main\AndroidManifest.xml:149:9-153:20
	android:screenOrientation
		ADDED from src\main\AndroidManifest.xml:152:13-49
	android:launchMode
		ADDED from src\main\AndroidManifest.xml:151:13-44
	android:name
		ADDED from src\main\AndroidManifest.xml:150:13-57
activity#com.vidmt.telephone.activities.AlarmActivity
ADDED from src\main\AndroidManifest.xml:154:9-158:20
	android:screenOrientation
		ADDED from src\main\AndroidManifest.xml:157:13-49
	android:launchMode
		ADDED from src\main\AndroidManifest.xml:156:13-44
	android:name
		ADDED from src\main\AndroidManifest.xml:155:13-53
activity#com.vidmt.telephone.activities.MapActivity
ADDED from src\main\AndroidManifest.xml:159:9-163:20
	android:screenOrientation
		ADDED from src\main\AndroidManifest.xml:162:13-49
	android:launchMode
		ADDED from src\main\AndroidManifest.xml:161:13-44
	android:name
		ADDED from src\main\AndroidManifest.xml:160:13-51
activity#com.vidmt.telephone.activities.ImgViewerActivity
ADDED from src\main\AndroidManifest.xml:164:9-168:20
	android:screenOrientation
		ADDED from src\main\AndroidManifest.xml:167:13-49
	android:launchMode
		ADDED from src\main\AndroidManifest.xml:166:13-44
	android:name
		ADDED from src\main\AndroidManifest.xml:165:13-57
activity#com.vidmt.telephone.activities.ChoosePicActivity
ADDED from src\main\AndroidManifest.xml:169:9-173:20
	android:screenOrientation
		ADDED from src\main\AndroidManifest.xml:171:13-49
	android:theme
		ADDED from src\main\AndroidManifest.xml:172:13-61
	android:name
		ADDED from src\main\AndroidManifest.xml:170:13-57
activity#com.vidmt.telephone.activities.VipCenterActivity
ADDED from src\main\AndroidManifest.xml:174:9-178:20
	android:screenOrientation
		ADDED from src\main\AndroidManifest.xml:177:13-49
	android:launchMode
		ADDED from src\main\AndroidManifest.xml:176:13-44
	android:name
		ADDED from src\main\AndroidManifest.xml:175:13-57
activity#com.vidmt.telephone.activities.NearbyActivity
ADDED from src\main\AndroidManifest.xml:179:9-183:20
	android:screenOrientation
		ADDED from src\main\AndroidManifest.xml:182:13-49
	android:launchMode
		ADDED from src\main\AndroidManifest.xml:181:13-44
	android:name
		ADDED from src\main\AndroidManifest.xml:180:13-54
activity#com.vidmt.telephone.activities.FilterNearbyActivity
ADDED from src\main\AndroidManifest.xml:184:9-187:20
	android:screenOrientation
		ADDED from src\main\AndroidManifest.xml:186:13-49
	android:name
		ADDED from src\main\AndroidManifest.xml:185:13-60
activity#com.vidmt.telephone.activities.ContactsActivity
ADDED from src\main\AndroidManifest.xml:188:9-192:20
	android:screenOrientation
		ADDED from src\main\AndroidManifest.xml:191:13-49
	android:launchMode
		ADDED from src\main\AndroidManifest.xml:190:13-44
	android:name
		ADDED from src\main\AndroidManifest.xml:189:13-56
activity#com.vidmt.telephone.activities.AddFriendActivity
ADDED from src\main\AndroidManifest.xml:193:9-197:20
	android:screenOrientation
		ADDED from src\main\AndroidManifest.xml:196:13-49
	android:launchMode
		ADDED from src\main\AndroidManifest.xml:195:13-44
	android:name
		ADDED from src\main\AndroidManifest.xml:194:13-57
activity#com.vidmt.telephone.activities.SearchActivity
ADDED from src\main\AndroidManifest.xml:198:9-203:20
	android:screenOrientation
		ADDED from src\main\AndroidManifest.xml:201:13-49
	android:launchMode
		ADDED from src\main\AndroidManifest.xml:200:13-44
	android:theme
		ADDED from src\main\AndroidManifest.xml:202:13-61
	android:name
		ADDED from src\main\AndroidManifest.xml:199:13-54
activity#com.vidmt.telephone.activities.VipInfoActivity
ADDED from src\main\AndroidManifest.xml:204:9-208:20
	android:screenOrientation
		ADDED from src\main\AndroidManifest.xml:207:13-49
	android:launchMode
		ADDED from src\main\AndroidManifest.xml:206:13-44
	android:name
		ADDED from src\main\AndroidManifest.xml:205:13-55
activity#com.vidmt.telephone.activities.FriendsRequestActivity
ADDED from src\main\AndroidManifest.xml:209:9-213:20
	android:screenOrientation
		ADDED from src\main\AndroidManifest.xml:212:13-49
	android:launchMode
		ADDED from src\main\AndroidManifest.xml:211:13-44
	android:name
		ADDED from src\main\AndroidManifest.xml:210:13-62
activity#com.vidmt.telephone.activities.PayActivity
ADDED from src\main\AndroidManifest.xml:214:9-226:20
	android:screenOrientation
		ADDED from src\main\AndroidManifest.xml:218:13-49
	android:launchMode
		ADDED from src\main\AndroidManifest.xml:217:13-44
	android:exported
		ADDED from src\main\AndroidManifest.xml:216:13-36
	android:name
		ADDED from src\main\AndroidManifest.xml:215:13-51
intent-filter#android.intent.action.VIEW+android.intent.category.DEFAULT
ADDED from src\main\AndroidManifest.xml:219:13-225:29
service#com.vidmt.telephone.services.LoginLocateService
ADDED from src\main\AndroidManifest.xml:228:9-64
	android:name
		ADDED from src\main\AndroidManifest.xml:228:18-61
receiver#com.vidmt.telephone.receivers.BootReceiver
ADDED from src\main\AndroidManifest.xml:229:9-238:21
	android:name
		ADDED from src\main\AndroidManifest.xml:229:19-76
intent-filter#android.intent.action.ACTION_POWER_CONNECTED+android.intent.action.ACTION_POWER_DISCONNECTED+android.intent.action.BOOT_COMPLETED+android.intent.action.USER_PRESENT+android.net.conn.CONNECTIVITY_CHANGE+android.provider.Telephony.SMS_RECEIVED
ADDED from src\main\AndroidManifest.xml:230:13-237:30
	android:priority
		ADDED from src\main\AndroidManifest.xml:230:28-57
action#android.intent.action.BOOT_COMPLETED
ADDED from src\main\AndroidManifest.xml:231:18-80
	android:name
		ADDED from src\main\AndroidManifest.xml:231:26-77
action#android.net.conn.CONNECTIVITY_CHANGE
ADDED from src\main\AndroidManifest.xml:232:18-80
	android:name
		ADDED from src\main\AndroidManifest.xml:232:26-77
action#android.intent.action.USER_PRESENT
ADDED from src\main\AndroidManifest.xml:233:18-78
	android:name
		ADDED from src\main\AndroidManifest.xml:233:26-75
action#android.provider.Telephony.SMS_RECEIVED
ADDED from src\main\AndroidManifest.xml:234:18-83
	android:name
		ADDED from src\main\AndroidManifest.xml:234:26-80
action#android.intent.action.ACTION_POWER_CONNECTED
ADDED from src\main\AndroidManifest.xml:235:18-88
	android:name
		ADDED from src\main\AndroidManifest.xml:235:26-85
action#android.intent.action.ACTION_POWER_DISCONNECTED
ADDED from src\main\AndroidManifest.xml:236:18-91
	android:name
		ADDED from src\main\AndroidManifest.xml:236:26-88
service#com.vidmt.telephone.services.DownloadApkService
ADDED from src\main\AndroidManifest.xml:240:10-65
	android:name
		ADDED from src\main\AndroidManifest.xml:240:19-62
uses-permission#android.permission.ACCESS_GPS
ADDED from src\main\AndroidManifest.xml:243:6-70
	android:name
		ADDED from src\main\AndroidManifest.xml:243:23-67
uses-permission#android.permission.GET_ACCOUNTS
ADDED from src\main\AndroidManifest.xml:244:6-72
	android:name
		ADDED from src\main\AndroidManifest.xml:244:23-69
uses-permission#android.permission.USE_CREDENTIALS
ADDED from src\main\AndroidManifest.xml:245:6-75
	android:name
		ADDED from src\main\AndroidManifest.xml:245:23-72
uses-permission#android.permission.MANAGE_ACCOUNTS
ADDED from src\main\AndroidManifest.xml:246:6-75
	android:name
		ADDED from src\main\AndroidManifest.xml:246:23-72
uses-permission#android.permission.AUTHENTICATE_ACCOUNTS
ADDED from src\main\AndroidManifest.xml:247:6-81
	android:name
		ADDED from src\main\AndroidManifest.xml:247:23-78
uses-permission#android.permission.ACCESS_NETWORK_STATE
ADDED from src\main\AndroidManifest.xml:248:6-80
	android:name
		ADDED from src\main\AndroidManifest.xml:248:23-77
uses-permission#android.permission.INTERNET
ADDED from src\main\AndroidManifest.xml:249:6-68
	android:name
		ADDED from src\main\AndroidManifest.xml:249:23-65
uses-permission#com.android.launcher.permission.READ_SETTINGS
ADDED from src\main\AndroidManifest.xml:250:6-86
	android:name
		ADDED from src\main\AndroidManifest.xml:250:23-83
uses-permission#android.permission.CHANGE_WIFI_STATE
ADDED from src\main\AndroidManifest.xml:251:6-77
	android:name
		ADDED from src\main\AndroidManifest.xml:251:23-74
uses-permission#android.permission.ACCESS_WIFI_STATE
ADDED from src\main\AndroidManifest.xml:252:6-77
	android:name
		ADDED from src\main\AndroidManifest.xml:252:23-74
uses-permission#android.permission.READ_PHONE_STATE
ADDED from src\main\AndroidManifest.xml:253:6-76
	android:name
		ADDED from src\main\AndroidManifest.xml:253:23-73
uses-permission#android.permission.WRITE_EXTERNAL_STORAGE
ADDED from src\main\AndroidManifest.xml:254:6-82
	android:name
		ADDED from src\main\AndroidManifest.xml:254:23-79
uses-permission#android.permission.BROADCAST_STICKY
ADDED from src\main\AndroidManifest.xml:255:6-76
	android:name
		ADDED from src\main\AndroidManifest.xml:255:23-73
uses-permission#android.permission.WRITE_SETTINGS
ADDED from src\main\AndroidManifest.xml:256:6-74
	android:name
		ADDED from src\main\AndroidManifest.xml:256:23-71
uses-permission#android.permission.ACCESS_COARSE_LOCATION
ADDED from src\main\AndroidManifest.xml:257:6-82
	android:name
		ADDED from src\main\AndroidManifest.xml:257:23-79
uses-permission#android.permission.ACCESS_FINE_LOCATION
ADDED from src\main\AndroidManifest.xml:258:6-80
	android:name
		ADDED from src\main\AndroidManifest.xml:258:23-77
uses-permission#android.permission.MOUNT_UNMOUNT_FILESYSTEMS
ADDED from src\main\AndroidManifest.xml:259:6-85
	android:name
		ADDED from src\main\AndroidManifest.xml:259:23-82
uses-permission#android.permission.READ_LOGS
ADDED from src\main\AndroidManifest.xml:260:6-69
	android:name
		ADDED from src\main\AndroidManifest.xml:260:23-66
uses-permission#android.permission.VIBRATE
ADDED from src\main\AndroidManifest.xml:261:6-67
	android:name
		ADDED from src\main\AndroidManifest.xml:261:23-64
uses-permission#android.permission.WAKE_LOCK
ADDED from src\main\AndroidManifest.xml:262:6-69
	android:name
		ADDED from src\main\AndroidManifest.xml:262:23-66
uses-permission#android.permission.RECORD_AUDIO
ADDED from src\main\AndroidManifest.xml:263:6-72
	android:name
		ADDED from src\main\AndroidManifest.xml:263:23-69
uses-permission#android.permission.GET_TASKS
ADDED from src\main\AndroidManifest.xml:264:6-69
	android:name
		ADDED from src\main\AndroidManifest.xml:264:23-66
uses-permission#android.permission.RECEIVE_BOOT_COMPLETED
ADDED from src\main\AndroidManifest.xml:265:6-82
	android:name
		ADDED from src\main\AndroidManifest.xml:265:23-79
uses-permission#android.permission.READ_CONTACTS
ADDED from src\main\AndroidManifest.xml:267:6-73
	android:name
		ADDED from src\main\AndroidManifest.xml:267:23-70
uses-permission#android.permission.MODIFY_AUDIO_SETTINGS
ADDED from src\main\AndroidManifest.xml:268:6-81
	android:name
		ADDED from src\main\AndroidManifest.xml:268:23-78
uses-permission#android.permission.SEND_SMS
ADDED from src\main\AndroidManifest.xml:269:6-68
	android:name
		ADDED from src\main\AndroidManifest.xml:269:23-65
uses-permission#android.permission.RECEIVE_SMS
ADDED from src\main\AndroidManifest.xml:270:6-71
	android:name
		ADDED from src\main\AndroidManifest.xml:270:23-68
uses-permission#android.permission.READ_SMS
ADDED from src\main\AndroidManifest.xml:271:6-68
	android:name
		ADDED from src\main\AndroidManifest.xml:271:23-65